{
  "RSpec": {
    "coverage": {
      "C:/Users/ADM/Documents/Projetos/VoxBlog/app/models/post.rb": {
        "lines": [
          1,
          1,
          1,
          null,
          1,
          null
        ]
      },
      "C:/Users/ADM/Documents/Projetos/VoxBlog/app/models/application_record.rb": {
        "lines": [
          1,
          1,
          null
        ]
      },
      "C:/Users/ADM/Documents/Projetos/VoxBlog/app/models/user.rb": {
        "lines": [
          1,
          1,
          1,
          null,
          1,
          null
        ]
      },
      "C:/Users/ADM/Documents/Projetos/VoxBlog/app/controllers/posts_controller.rb": {
        "lines": [
          1,
          1,
          2,
          null,
          null,
          null,
          null,
          null,
          null,
          2,
          1,
          null,
          1,
          null,
          null,
          null,
          1,
          1,
          null,
          1,
          null,
          null,
          null,
          null,
          null,
          null,
          1,
          null,
          null,
          1,
          1,
          null,
          1,
          null,
          1,
          2,
          null,
          null,
          null,
          1,
          null,
          null
        ]
      },
      "C:/Users/ADM/Documents/Projetos/VoxBlog/app/controllers/application_controller.rb": {
        "lines": [
          1,
          null
        ]
      },
      "C:/Users/ADM/Documents/Projetos/VoxBlog/app/services/create_post_service.rb": {
        "lines": [
          1,
          1,
          2,
          2,
          2,
          2,
          null,
          null,
          1,
          2,
          2,
          null,
          2,
          1,
          null,
          1,
          null,
          null,
          null
        ]
      },
      "C:/Users/ADM/Documents/Projetos/VoxBlog/app/models/rating.rb": {
        "lines": [
          1,
          1,
          1,
          null,
          1,
          null
        ]
      },
      "C:/Users/ADM/Documents/Projetos/VoxBlog/app/controllers/ratings_controller.rb": {
        "lines": [
          1,
          1,
          2,
          2,
          2,
          null,
          2,
          1,
          1,
          null,
          null,
          1,
          null,
          1,
          1,
          1,
          null,
          0,
          null,
          null,
          null
        ]
      },
      "C:/Users/ADM/Documents/Projetos/VoxBlog/app/jobs/application_job.rb": {
        "lines": [
          0,
          null,
          null,
          null,
          null,
          null,
          0
        ],
        "branches": {}
      },
      "C:/Users/ADM/Documents/Projetos/VoxBlog/app/mailers/application_mailer.rb": {
        "lines": [
          0,
          0,
          0,
          0
        ],
        "branches": {}
      },
      "C:/Users/ADM/Documents/Projetos/VoxBlog/app/services/rate_post_service.rb": {
        "lines": [
          0,
          0,
          0,
          0,
          0,
          0,
          null,
          0,
          0,
          null,
          0,
          0,
          0,
          0,
          0,
          0,
          0,
          0
        ],
        "branches": {}
      }
    },
    "timestamp": 1745246329
  }
}
